[0.174s] Invoking command in '/mnt/c/projects/ros-te/ros-te/intro_ws2/build/turtlesim': CMAKE_PREFIX_PATH=/opt/ros/humble /usr/bin/cmake /mnt/c/projects/ros-te/ros-te/intro_ws2/src/turtlesim -DAMENT_CMAKE_SYMLINK_INSTALL=1 -DCMAKE_INSTALL_PREFIX=/mnt/c/projects/ros-te/ros-te/intro_ws2/install/turtlesim
[0.881s] -- The C compiler identification is GNU 11.4.0
[2.010s] -- The CXX compiler identification is GNU 11.4.0
[2.613s] -- Detecting C compiler ABI info
[3.383s] -- Detecting C compiler ABI info - done
[3.436s] -- Check for working C compiler: /usr/bin/cc - skipped
[3.438s] -- Detecting C compile features
[3.439s] -- Detecting C compile features - done
[3.558s] -- Detecting CXX compiler ABI info
[4.528s] -- Detecting CXX compiler ABI info - done
[4.561s] -- Check for working CXX compiler: /usr/bin/c++ - skipped
[4.563s] -- Detecting CXX compile features
[4.565s] -- Detecting CXX compile features - done
[4.697s] -- Found ament_cmake: 1.3.12 (/opt/ros/humble/share/ament_cmake/cmake)
[4.867s] -- Found Python3: /usr/bin/python3 (found version "3.10.12") found components: Interpreter 
[5.061s] -- Override CMake install command with custom implementation using symlinks instead of copying resources
[5.282s] -- Found ament_index_cpp: 1.4.0 (/opt/ros/humble/share/ament_index_cpp/cmake)
[5.283s] -- Found geometry_msgs: 4.9.0 (/opt/ros/humble/share/geometry_msgs/cmake)
[5.624s] -- Found rosidl_generator_c: 3.1.7 (/opt/ros/humble/share/rosidl_generator_c/cmake)
[5.628s] -- Found rosidl_adapter: 3.1.7 (/opt/ros/humble/share/rosidl_adapter/cmake)
[5.634s] -- Found rosidl_generator_cpp: 3.1.7 (/opt/ros/humble/share/rosidl_generator_cpp/cmake)
[5.645s] -- Using all available rosidl_typesupport_c: rosidl_typesupport_fastrtps_c;rosidl_typesupport_introspection_c
[5.661s] -- Using all available rosidl_typesupport_cpp: rosidl_typesupport_fastrtps_cpp;rosidl_typesupport_introspection_cpp
[5.847s] -- Found rclcpp: 16.0.14 (/opt/ros/humble/share/rclcpp/cmake)
[5.875s] -- Found rmw_implementation_cmake: 6.1.2 (/opt/ros/humble/share/rmw_implementation_cmake/cmake)
[5.879s] -- Found rmw_fastrtps_cpp: 6.2.8 (/opt/ros/humble/share/rmw_fastrtps_cpp/cmake)
[7.165s] -- Found OpenSSL: /usr/lib/x86_64-linux-gnu/libcrypto.so (found version "3.0.2")  
[9.575s] -- Found FastRTPS: /opt/ros/humble/include  
[12.315s] -- Using RMW implementation 'rmw_fastrtps_cpp' as default
[12.413s] -- Looking for pthread.h
[13.428s] -- Looking for pthread.h - found
[13.441s] -- Performing Test CMAKE_HAVE_LIBC_PTHREAD
[14.357s] -- Performing Test CMAKE_HAVE_LIBC_PTHREAD - Success
[14.363s] -- Found Threads: TRUE  
[14.394s] -- Found rclcpp_action: 16.0.14 (/opt/ros/humble/share/rclcpp_action/cmake)
[14.420s] -- Found rosidl_default_generators: 1.2.0 (/opt/ros/humble/share/rosidl_default_generators/cmake)
[14.434s] -- Found std_srvs: 4.9.0 (/opt/ros/humble/share/std_srvs/cmake)
[16.541s] -- Found ament_cmake_ros: 0.10.0 (/opt/ros/humble/share/ament_cmake_ros/cmake)
[19.390s] -- Using all available rosidl_typesupport_c: rosidl_typesupport_fastrtps_c;rosidl_typesupport_introspection_c
[20.355s] -- Using all available rosidl_typesupport_cpp: rosidl_typesupport_fastrtps_cpp;rosidl_typesupport_introspection_cpp
[20.671s] -- Found PythonInterp: /usr/bin/python3 (found suitable version "3.10.12", minimum required is "3.6") 
[20.673s] -- Found python_cmake_module: 0.10.0 (/opt/ros/humble/share/python_cmake_module/cmake)
[21.659s] -- Found PythonLibs: /usr/lib/x86_64-linux-gnu/libpython3.10.so (found suitable version "3.10.12", minimum required is "3.5") 
[21.661s] -- Using PYTHON_EXECUTABLE: /usr/bin/python3
[21.663s] -- Using PYTHON_INCLUDE_DIRS: /usr/include/python3.10
[21.664s] -- Using PYTHON_LIBRARIES: /usr/lib/x86_64-linux-gnu/libpython3.10.so
[21.687s] -- Found PythonExtra: .so  
[25.571s] -- Configuring done
[32.457s] -- Generating done
[34.131s] -- Build files have been written to: /mnt/c/projects/ros-te/ros-te/intro_ws2/build/turtlesim
[34.145s] Invoked command in '/mnt/c/projects/ros-te/ros-te/intro_ws2/build/turtlesim' returned '0': CMAKE_PREFIX_PATH=/opt/ros/humble /usr/bin/cmake /mnt/c/projects/ros-te/ros-te/intro_ws2/src/turtlesim -DAMENT_CMAKE_SYMLINK_INSTALL=1 -DCMAKE_INSTALL_PREFIX=/mnt/c/projects/ros-te/ros-te/intro_ws2/install/turtlesim
[34.174s] Invoking command in '/mnt/c/projects/ros-te/ros-te/intro_ws2/build/turtlesim': CMAKE_PREFIX_PATH=/opt/ros/humble /usr/bin/cmake --build /mnt/c/projects/ros-te/ros-te/intro_ws2/build/turtlesim -- -j8 -l8
[34.712s] [  1%] [34m[1mGenerating C code for ROS interfaces[0m
[34.713s] [  1%] Built target ament_cmake_python_symlink_turtlesim
[34.800s] [  2%] [34m[1mGenerating C++ code for ROS interfaces[0m
[35.118s] running egg_info
[35.120s] creating turtlesim.egg-info
[35.126s] writing turtlesim.egg-info/PKG-INFO
[35.137s] writing dependency_links to turtlesim.egg-info/dependency_links.txt
[35.154s] writing top-level names to turtlesim.egg-info/top_level.txt
[35.174s] writing manifest file 'turtlesim.egg-info/SOURCES.txt'
[35.228s] reading manifest file 'turtlesim.egg-info/SOURCES.txt'
[35.273s] writing manifest file 'turtlesim.egg-info/SOURCES.txt'
[35.317s] [  2%] Built target ament_cmake_python_build_turtlesim_egg
[37.118s] [  2%] Built target turtlesim__cpp
[37.181s] [  4%] [34m[1mGenerating C++ type support dispatch for ROS interfaces[0m
[37.183s] [  4%] [34m[1mGenerating C++ introspection for ROS interfaces[0m
[37.189s] [  5%] [34m[1mGenerating C++ type support for eProsima Fast-RTPS[0m
[37.325s] [  6%] [32mBuilding C object CMakeFiles/turtlesim__rosidl_generator_c.dir/rosidl_generator_c/turtlesim/action/detail/rotate_absolute__functions.c.o[0m
[37.344s] [  7%] [32mBuilding C object CMakeFiles/turtlesim__rosidl_generator_c.dir/rosidl_generator_c/turtlesim/msg/detail/color__functions.c.o[0m
[37.349s] [  9%] [32mBuilding C object CMakeFiles/turtlesim__rosidl_generator_c.dir/rosidl_generator_c/turtlesim/msg/detail/pose__functions.c.o[0m
[37.350s] [  9%] [32mBuilding C object CMakeFiles/turtlesim__rosidl_generator_c.dir/rosidl_generator_c/turtlesim/srv/detail/kill__functions.c.o[0m
[37.357s] [ 10%] [32mBuilding C object CMakeFiles/turtlesim__rosidl_generator_c.dir/rosidl_generator_c/turtlesim/srv/detail/set_pen__functions.c.o[0m
[37.628s] [ 12%] [32mBuilding C object CMakeFiles/turtlesim__rosidl_generator_c.dir/rosidl_generator_c/turtlesim/srv/detail/teleport_absolute__functions.c.o[0m
[37.631s] [ 12%] [32mBuilding C object CMakeFiles/turtlesim__rosidl_generator_c.dir/rosidl_generator_c/turtlesim/srv/detail/spawn__functions.c.o[0m
[37.653s] [ 13%] [32mBuilding C object CMakeFiles/turtlesim__rosidl_generator_c.dir/rosidl_generator_c/turtlesim/srv/detail/teleport_relative__functions.c.o[0m
[38.034s] [ 14%] [32m[1mLinking C shared library libturtlesim__rosidl_generator_c.so[0m
[38.327s] [ 16%] [32mBuilding CXX object CMakeFiles/turtlesim__rosidl_typesupport_cpp.dir/rosidl_typesupport_cpp/turtlesim/action/rotate_absolute__type_support.cpp.o[0m
[38.330s] [ 16%] [32mBuilding CXX object CMakeFiles/turtlesim__rosidl_typesupport_cpp.dir/rosidl_typesupport_cpp/turtlesim/msg/color__type_support.cpp.o[0m
[38.337s] [ 17%] [32mBuilding CXX object CMakeFiles/turtlesim__rosidl_typesupport_cpp.dir/rosidl_typesupport_cpp/turtlesim/msg/pose__type_support.cpp.o[0m
[38.356s] [ 18%] [32mBuilding CXX object CMakeFiles/turtlesim__rosidl_typesupport_cpp.dir/rosidl_typesupport_cpp/turtlesim/srv/kill__type_support.cpp.o[0m
[38.363s] [ 19%] [32mBuilding CXX object CMakeFiles/turtlesim__rosidl_typesupport_cpp.dir/rosidl_typesupport_cpp/turtlesim/srv/set_pen__type_support.cpp.o[0m
[38.588s] [ 19%] Built target turtlesim__rosidl_generator_c
[38.670s] [ 20%] [34m[1mGenerating C type support for eProsima Fast-RTPS[0m
[39.009s] [ 21%] [32mBuilding CXX object CMakeFiles/turtlesim__rosidl_typesupport_introspection_cpp.dir/rosidl_typesupport_introspection_cpp/turtlesim/action/detail/rotate_absolute__type_support.cpp.o[0m
[39.396s] [ 23%] [32mBuilding CXX object CMakeFiles/turtlesim__rosidl_typesupport_introspection_cpp.dir/rosidl_typesupport_introspection_cpp/turtlesim/msg/detail/color__type_support.cpp.o[0m
[39.398s] [ 23%] [32mBuilding CXX object CMakeFiles/turtlesim__rosidl_typesupport_cpp.dir/rosidl_typesupport_cpp/turtlesim/srv/spawn__type_support.cpp.o[0m
[39.425s] [ 25%] [32mBuilding CXX object CMakeFiles/turtlesim__rosidl_typesupport_introspection_cpp.dir/rosidl_typesupport_introspection_cpp/turtlesim/msg/detail/pose__type_support.cpp.o[0m
[39.427s] [ 25%] [32mBuilding CXX object CMakeFiles/turtlesim__rosidl_typesupport_cpp.dir/rosidl_typesupport_cpp/turtlesim/srv/teleport_absolute__type_support.cpp.o[0m
[39.528s] [ 26%] [32mBuilding CXX object CMakeFiles/turtlesim__rosidl_typesupport_fastrtps_cpp.dir/rosidl_typesupport_fastrtps_cpp/turtlesim/action/detail/dds_fastrtps/rotate_absolute__type_support.cpp.o[0m
[39.842s] [ 27%] [32mBuilding CXX object CMakeFiles/turtlesim__rosidl_typesupport_cpp.dir/rosidl_typesupport_cpp/turtlesim/srv/teleport_relative__type_support.cpp.o[0m
[40.360s] [ 28%] [32mBuilding CXX object CMakeFiles/turtlesim__rosidl_typesupport_fastrtps_cpp.dir/rosidl_typesupport_fastrtps_cpp/turtlesim/msg/detail/dds_fastrtps/color__type_support.cpp.o[0m
[40.367s] [ 29%] [32mBuilding CXX object CMakeFiles/turtlesim__rosidl_typesupport_introspection_cpp.dir/rosidl_typesupport_introspection_cpp/turtlesim/srv/detail/kill__type_support.cpp.o[0m
[40.685s] [ 30%] [32mBuilding CXX object CMakeFiles/turtlesim__rosidl_typesupport_fastrtps_cpp.dir/rosidl_typesupport_fastrtps_cpp/turtlesim/msg/detail/dds_fastrtps/pose__type_support.cpp.o[0m
[40.745s] [ 31%] [32mBuilding CXX object CMakeFiles/turtlesim__rosidl_typesupport_fastrtps_cpp.dir/rosidl_typesupport_fastrtps_cpp/turtlesim/srv/detail/dds_fastrtps/kill__type_support.cpp.o[0m
[40.934s] [ 32%] [32m[1mLinking CXX shared library libturtlesim__rosidl_typesupport_cpp.so[0m
[40.945s] [ 33%] [32mBuilding CXX object CMakeFiles/turtlesim__rosidl_typesupport_fastrtps_c.dir/rosidl_typesupport_fastrtps_c/turtlesim/action/detail/rotate_absolute__type_support_c.cpp.o[0m
[41.009s] [ 34%] [32mBuilding CXX object CMakeFiles/turtlesim__rosidl_typesupport_fastrtps_c.dir/rosidl_typesupport_fastrtps_c/turtlesim/msg/detail/color__type_support_c.cpp.o[0m
[41.451s] [ 34%] Built target turtlesim__rosidl_typesupport_cpp
[41.485s] [ 35%] [32mBuilding CXX object CMakeFiles/turtlesim__rosidl_typesupport_introspection_cpp.dir/rosidl_typesupport_introspection_cpp/turtlesim/srv/detail/set_pen__type_support.cpp.o[0m
[41.604s] [ 36%] [32mBuilding CXX object CMakeFiles/turtlesim__rosidl_typesupport_introspection_cpp.dir/rosidl_typesupport_introspection_cpp/turtlesim/srv/detail/spawn__type_support.cpp.o[0m
[41.931s] [ 37%] [32mBuilding CXX object CMakeFiles/turtlesim__rosidl_typesupport_introspection_cpp.dir/rosidl_typesupport_introspection_cpp/turtlesim/srv/detail/teleport_absolute__type_support.cpp.o[0m
[42.054s] [ 38%] [34m[1mGenerating C introspection for ROS interfaces[0m
[42.253s] [ 39%] [32mBuilding CXX object CMakeFiles/turtlesim__rosidl_typesupport_fastrtps_cpp.dir/rosidl_typesupport_fastrtps_cpp/turtlesim/srv/detail/dds_fastrtps/set_pen__type_support.cpp.o[0m
[42.497s] [ 40%] [34m[1mGenerating C type support dispatch for ROS interfaces[0m
[42.626s] [ 41%] [34m[1mGenerating include/turtlesim/moc_turtle_frame.cpp[0m
[42.683s] [ 42%] [32mBuilding CXX object CMakeFiles/turtlesim__rosidl_typesupport_fastrtps_c.dir/rosidl_typesupport_fastrtps_c/turtlesim/msg/detail/pose__type_support_c.cpp.o[0m
[42.897s] [ 43%] [32mBuilding CXX object CMakeFiles/turtlesim_node.dir/src/turtlesim.cpp.o[0m
[42.995s] [ 44%] [32mBuilding CXX object CMakeFiles/turtlesim_node.dir/src/turtle.cpp.o[0m
[43.223s] [ 45%] [32mBuilding CXX object CMakeFiles/turtle_teleop_key.dir/tutorials/teleop_turtle_key.cpp.o[0m
[43.394s] [ 46%] [32mBuilding CXX object CMakeFiles/turtlesim__rosidl_typesupport_introspection_cpp.dir/rosidl_typesupport_introspection_cpp/turtlesim/srv/detail/teleport_relative__type_support.cpp.o[0m
[43.887s] [ 47%] [32mBuilding CXX object CMakeFiles/turtlesim__rosidl_typesupport_c.dir/rosidl_typesupport_c/turtlesim/action/rotate_absolute__type_support.cpp.o[0m
[43.995s] [ 48%] [32mBuilding CXX object CMakeFiles/turtlesim__rosidl_typesupport_fastrtps_cpp.dir/rosidl_typesupport_fastrtps_cpp/turtlesim/srv/detail/dds_fastrtps/spawn__type_support.cpp.o[0m
[44.034s] [ 49%] [32mBuilding CXX object CMakeFiles/turtlesim__rosidl_typesupport_fastrtps_c.dir/rosidl_typesupport_fastrtps_c/turtlesim/srv/detail/kill__type_support_c.cpp.o[0m
[44.338s] [ 50%] [32mBuilding C object CMakeFiles/turtlesim__rosidl_typesupport_introspection_c.dir/rosidl_typesupport_introspection_c/turtlesim/action/detail/rotate_absolute__type_support.c.o[0m
[44.399s] [ 51%] [32mBuilding CXX object CMakeFiles/turtlesim__rosidl_typesupport_c.dir/rosidl_typesupport_c/turtlesim/msg/color__type_support.cpp.o[0m
[44.642s] [ 52%] [32mBuilding CXX object CMakeFiles/turtlesim__rosidl_typesupport_c.dir/rosidl_typesupport_c/turtlesim/msg/pose__type_support.cpp.o[0m
[44.828s] [ 53%] [32m[1mLinking CXX shared library libturtlesim__rosidl_typesupport_introspection_cpp.so[0m
[44.886s] [ 54%] [32mBuilding C object CMakeFiles/turtlesim__rosidl_typesupport_introspection_c.dir/rosidl_typesupport_introspection_c/turtlesim/msg/detail/color__type_support.c.o[0m
[44.900s] [ 55%] [32mBuilding CXX object CMakeFiles/turtlesim__rosidl_typesupport_c.dir/rosidl_typesupport_c/turtlesim/srv/kill__type_support.cpp.o[0m
[45.209s] [ 56%] [32mBuilding CXX object CMakeFiles/turtlesim__rosidl_typesupport_c.dir/rosidl_typesupport_c/turtlesim/srv/set_pen__type_support.cpp.o[0m
[45.317s] [ 57%] [32mBuilding C object CMakeFiles/turtlesim__rosidl_typesupport_introspection_c.dir/rosidl_typesupport_introspection_c/turtlesim/msg/detail/pose__type_support.c.o[0m
[45.474s] [ 58%] [32mBuilding CXX object CMakeFiles/turtlesim__rosidl_typesupport_c.dir/rosidl_typesupport_c/turtlesim/srv/spawn__type_support.cpp.o[0m
[45.567s] [ 58%] Built target turtlesim__rosidl_typesupport_introspection_cpp
[45.589s] [ 59%] [32mBuilding C object CMakeFiles/turtlesim__rosidl_typesupport_introspection_c.dir/rosidl_typesupport_introspection_c/turtlesim/srv/detail/kill__type_support.c.o[0m
[45.623s] [ 60%] [32mBuilding CXX object CMakeFiles/turtlesim__rosidl_typesupport_fastrtps_c.dir/rosidl_typesupport_fastrtps_c/turtlesim/srv/detail/set_pen__type_support_c.cpp.o[0m
[45.728s] [ 61%] [32mBuilding CXX object CMakeFiles/turtlesim__rosidl_typesupport_fastrtps_cpp.dir/rosidl_typesupport_fastrtps_cpp/turtlesim/srv/detail/dds_fastrtps/teleport_absolute__type_support.cpp.o[0m
[45.744s] [ 63%] [32mBuilding CXX object CMakeFiles/turtlesim__rosidl_typesupport_c.dir/rosidl_typesupport_c/turtlesim/srv/teleport_absolute__type_support.cpp.o[0m
[45.746s] [ 63%] [32mBuilding CXX object CMakeFiles/turtlesim_node.dir/src/turtle_frame.cpp.o[0m
[46.004s] [ 64%] [32mBuilding CXX object CMakeFiles/turtlesim__rosidl_typesupport_c.dir/rosidl_typesupport_c/turtlesim/srv/teleport_relative__type_support.cpp.o[0m
[46.023s] [ 65%] [32mBuilding C object CMakeFiles/turtlesim__rosidl_typesupport_introspection_c.dir/rosidl_typesupport_introspection_c/turtlesim/srv/detail/set_pen__type_support.c.o[0m
[46.300s] [ 66%] [32m[1mLinking CXX shared library libturtlesim__rosidl_typesupport_c.so[0m
[46.443s] [ 67%] [32mBuilding C object CMakeFiles/turtlesim__rosidl_typesupport_introspection_c.dir/rosidl_typesupport_introspection_c/turtlesim/srv/detail/spawn__type_support.c.o[0m
[46.815s] [ 67%] Built target turtlesim__rosidl_typesupport_c
[46.874s] [ 68%] [32mBuilding C object CMakeFiles/turtlesim__rosidl_typesupport_introspection_c.dir/rosidl_typesupport_introspection_c/turtlesim/srv/detail/teleport_absolute__type_support.c.o[0m
[46.945s] [ 69%] [32mBuilding CXX object CMakeFiles/draw_square.dir/tutorials/draw_square.cpp.o[0m
[47.223s] [ 70%] [32mBuilding CXX object CMakeFiles/turtlesim__rosidl_typesupport_fastrtps_c.dir/rosidl_typesupport_fastrtps_c/turtlesim/srv/detail/spawn__type_support_c.cpp.o[0m
[47.314s] [ 71%] [32mBuilding C object CMakeFiles/turtlesim__rosidl_typesupport_introspection_c.dir/rosidl_typesupport_introspection_c/turtlesim/srv/detail/teleport_relative__type_support.c.o[0m
[47.475s] [ 72%] [32mBuilding CXX object CMakeFiles/turtlesim__rosidl_typesupport_fastrtps_cpp.dir/rosidl_typesupport_fastrtps_cpp/turtlesim/srv/detail/dds_fastrtps/teleport_relative__type_support.cpp.o[0m
[47.780s] [ 73%] [32m[1mLinking C shared library libturtlesim__rosidl_typesupport_introspection_c.so[0m
[48.305s] [ 73%] Built target turtlesim__rosidl_typesupport_introspection_c
[48.336s] [ 74%] [32mBuilding CXX object CMakeFiles/turtlesim__rosidl_typesupport_fastrtps_c.dir/rosidl_typesupport_fastrtps_c/turtlesim/srv/detail/teleport_absolute__type_support_c.cpp.o[0m
[48.871s] [ 75%] [32mBuilding CXX object CMakeFiles/mimic.dir/tutorials/mimic.cpp.o[0m
[49.215s] [ 76%] [32m[1mLinking CXX shared library libturtlesim__rosidl_typesupport_fastrtps_cpp.so[0m
[49.900s] [ 77%] [32mBuilding CXX object CMakeFiles/turtlesim__rosidl_typesupport_fastrtps_c.dir/rosidl_typesupport_fastrtps_c/turtlesim/srv/detail/teleport_relative__type_support_c.cpp.o[0m
[49.902s] [ 77%] Built target turtlesim__rosidl_typesupport_fastrtps_cpp
[49.923s] [ 78%] [32mBuilding CXX object CMakeFiles/turtlesim_node.dir/include/turtlesim/moc_turtle_frame.cpp.o[0m
[51.480s] [ 79%] [32m[1mLinking CXX shared library libturtlesim__rosidl_typesupport_fastrtps_c.so[0m
[52.123s] [ 79%] Built target turtlesim__rosidl_typesupport_fastrtps_c
[52.236s] [ 79%] Built target turtlesim
[52.418s] [ 80%] [34m[1mGenerating Python code for ROS interfaces[0m
[55.685s] [ 81%] [32m[1mLinking CXX executable turtle_teleop_key[0m
[56.025s] [ 81%] Built target turtlesim__py
[56.158s] [ 82%] [32mBuilding C object CMakeFiles/turtlesim__rosidl_generator_py.dir/rosidl_generator_py/turtlesim/action/_rotate_absolute_s.c.o[0m
[56.166s] [ 83%] [32mBuilding C object CMakeFiles/turtlesim__rosidl_generator_py.dir/rosidl_generator_py/turtlesim/msg/_color_s.c.o[0m
[56.777s] [ 84%] [32mBuilding C object CMakeFiles/turtlesim__rosidl_generator_py.dir/rosidl_generator_py/turtlesim/msg/_pose_s.c.o[0m
[56.852s] [ 85%] [32mBuilding C object CMakeFiles/turtlesim__rosidl_generator_py.dir/rosidl_generator_py/turtlesim/srv/_kill_s.c.o[0m
[57.533s] [ 86%] [32mBuilding C object CMakeFiles/turtlesim__rosidl_generator_py.dir/rosidl_generator_py/turtlesim/srv/_set_pen_s.c.o[0m
[57.697s] [ 87%] [32mBuilding C object CMakeFiles/turtlesim__rosidl_generator_py.dir/rosidl_generator_py/turtlesim/srv/_spawn_s.c.o[0m
[58.320s] [ 88%] [32mBuilding C object CMakeFiles/turtlesim__rosidl_generator_py.dir/rosidl_generator_py/turtlesim/srv/_teleport_absolute_s.c.o[0m
[58.479s] [ 89%] [32mBuilding C object CMakeFiles/turtlesim__rosidl_generator_py.dir/rosidl_generator_py/turtlesim/srv/_teleport_relative_s.c.o[0m
[58.604s] [ 89%] Built target turtle_teleop_key
[59.068s] [ 90%] [32m[1mLinking C shared library rosidl_generator_py/turtlesim/libturtlesim__rosidl_generator_py.so[0m
[59.547s] [ 90%] Built target turtlesim__rosidl_generator_py
[59.647s] [ 91%] [32mBuilding C object CMakeFiles/turtlesim__rosidl_typesupport_introspection_c__pyext.dir/rosidl_generator_py/turtlesim/_turtlesim_s.ep.rosidl_typesupport_introspection_c.c.o[0m
[59.654s] [ 92%] [32mBuilding C object CMakeFiles/turtlesim__rosidl_typesupport_fastrtps_c__pyext.dir/rosidl_generator_py/turtlesim/_turtlesim_s.ep.rosidl_typesupport_fastrtps_c.c.o[0m
[59.674s] [ 93%] [32mBuilding C object CMakeFiles/turtlesim__rosidl_typesupport_c__pyext.dir/rosidl_generator_py/turtlesim/_turtlesim_s.ep.rosidl_typesupport_c.c.o[0m
[60.598s] [ 94%] [32m[1mLinking C shared library rosidl_generator_py/turtlesim/turtlesim_s__rosidl_typesupport_c.cpython-310-x86_64-linux-gnu.so[0m
[60.634s] [ 95%] [32m[1mLinking C shared library rosidl_generator_py/turtlesim/turtlesim_s__rosidl_typesupport_introspection_c.cpython-310-x86_64-linux-gnu.so[0m
[60.716s] [ 96%] [32m[1mLinking C shared library rosidl_generator_py/turtlesim/turtlesim_s__rosidl_typesupport_fastrtps_c.cpython-310-x86_64-linux-gnu.so[0m
[60.889s] [ 96%] Built target turtlesim__rosidl_typesupport_c__pyext
[60.930s] [ 96%] Built target turtlesim__rosidl_typesupport_introspection_c__pyext
[61.011s] [ 96%] Built target turtlesim__rosidl_typesupport_fastrtps_c__pyext
[64.806s] [ 97%] [32m[1mLinking CXX executable draw_square[0m
[65.571s] [ 98%] [32m[1mLinking CXX executable mimic[0m
[68.317s] [100%] [32m[1mLinking CXX executable turtlesim_node[0m
[70.419s] [100%] Built target draw_square
[70.600s] [100%] Built target mimic
[79.839s] [100%] Built target turtlesim_node
[80.608s] Invoked command in '/mnt/c/projects/ros-te/ros-te/intro_ws2/build/turtlesim' returned '0': CMAKE_PREFIX_PATH=/opt/ros/humble /usr/bin/cmake --build /mnt/c/projects/ros-te/ros-te/intro_ws2/build/turtlesim -- -j8 -l8
[80.682s] Invoking command in '/mnt/c/projects/ros-te/ros-te/intro_ws2/build/turtlesim': CMAKE_PREFIX_PATH=/opt/ros/humble /usr/bin/cmake --install /mnt/c/projects/ros-te/ros-te/intro_ws2/build/turtlesim
[80.702s] -- Install configuration: ""
[80.744s] -- Execute custom install script
[80.897s] -- Symlinking: /mnt/c/projects/ros-te/ros-te/intro_ws2/install/turtlesim/share/ament_index/resource_index/rosidl_interfaces/turtlesim
[81.320s] -- Symlinking: /mnt/c/projects/ros-te/ros-te/intro_ws2/install/turtlesim/include/turtlesim/turtlesim/action/detail/rotate_absolute__functions.h
[81.437s] -- Symlinking: /mnt/c/projects/ros-te/ros-te/intro_ws2/install/turtlesim/include/turtlesim/turtlesim/action/detail/rotate_absolute__struct.h
[81.592s] -- Symlinking: /mnt/c/projects/ros-te/ros-te/intro_ws2/install/turtlesim/include/turtlesim/turtlesim/action/detail/rotate_absolute__type_support.h
[81.713s] -- Symlinking: /mnt/c/projects/ros-te/ros-te/intro_ws2/install/turtlesim/include/turtlesim/turtlesim/action/rotate_absolute.h
[81.836s] -- Symlinking: /mnt/c/projects/ros-te/ros-te/intro_ws2/install/turtlesim/include/turtlesim/turtlesim/msg/color.h
[82.001s] -- Symlinking: /mnt/c/projects/ros-te/ros-te/intro_ws2/install/turtlesim/include/turtlesim/turtlesim/msg/detail/color__functions.h
[82.074s] -- Symlinking: /mnt/c/projects/ros-te/ros-te/intro_ws2/install/turtlesim/include/turtlesim/turtlesim/msg/detail/color__struct.h
[82.147s] -- Symlinking: /mnt/c/projects/ros-te/ros-te/intro_ws2/install/turtlesim/include/turtlesim/turtlesim/msg/detail/color__type_support.h
[82.229s] -- Symlinking: /mnt/c/projects/ros-te/ros-te/intro_ws2/install/turtlesim/include/turtlesim/turtlesim/msg/detail/pose__functions.h
[82.317s] -- Symlinking: /mnt/c/projects/ros-te/ros-te/intro_ws2/install/turtlesim/include/turtlesim/turtlesim/msg/detail/pose__struct.h
[82.394s] -- Symlinking: /mnt/c/projects/ros-te/ros-te/intro_ws2/install/turtlesim/include/turtlesim/turtlesim/msg/detail/pose__type_support.h
[82.461s] -- Symlinking: /mnt/c/projects/ros-te/ros-te/intro_ws2/install/turtlesim/include/turtlesim/turtlesim/msg/pose.h
[82.528s] -- Symlinking: /mnt/c/projects/ros-te/ros-te/intro_ws2/install/turtlesim/include/turtlesim/turtlesim/msg/rosidl_generator_c__visibility_control.h
[82.622s] -- Symlinking: /mnt/c/projects/ros-te/ros-te/intro_ws2/install/turtlesim/include/turtlesim/turtlesim/srv/detail/kill__functions.h
[82.691s] -- Symlinking: /mnt/c/projects/ros-te/ros-te/intro_ws2/install/turtlesim/include/turtlesim/turtlesim/srv/detail/kill__struct.h
[82.758s] -- Symlinking: /mnt/c/projects/ros-te/ros-te/intro_ws2/install/turtlesim/include/turtlesim/turtlesim/srv/detail/kill__type_support.h
[82.827s] -- Symlinking: /mnt/c/projects/ros-te/ros-te/intro_ws2/install/turtlesim/include/turtlesim/turtlesim/srv/detail/set_pen__functions.h
[82.913s] -- Symlinking: /mnt/c/projects/ros-te/ros-te/intro_ws2/install/turtlesim/include/turtlesim/turtlesim/srv/detail/set_pen__struct.h
[82.987s] -- Symlinking: /mnt/c/projects/ros-te/ros-te/intro_ws2/install/turtlesim/include/turtlesim/turtlesim/srv/detail/set_pen__type_support.h
[83.058s] -- Symlinking: /mnt/c/projects/ros-te/ros-te/intro_ws2/install/turtlesim/include/turtlesim/turtlesim/srv/detail/spawn__functions.h
[83.129s] -- Symlinking: /mnt/c/projects/ros-te/ros-te/intro_ws2/install/turtlesim/include/turtlesim/turtlesim/srv/detail/spawn__struct.h
[83.202s] -- Symlinking: /mnt/c/projects/ros-te/ros-te/intro_ws2/install/turtlesim/include/turtlesim/turtlesim/srv/detail/spawn__type_support.h
[83.271s] -- Symlinking: /mnt/c/projects/ros-te/ros-te/intro_ws2/install/turtlesim/include/turtlesim/turtlesim/srv/detail/teleport_absolute__functions.h
[83.338s] -- Symlinking: /mnt/c/projects/ros-te/ros-te/intro_ws2/install/turtlesim/include/turtlesim/turtlesim/srv/detail/teleport_absolute__struct.h
[83.407s] -- Symlinking: /mnt/c/projects/ros-te/ros-te/intro_ws2/install/turtlesim/include/turtlesim/turtlesim/srv/detail/teleport_absolute__type_support.h
[83.478s] -- Symlinking: /mnt/c/projects/ros-te/ros-te/intro_ws2/install/turtlesim/include/turtlesim/turtlesim/srv/detail/teleport_relative__functions.h
[83.545s] -- Symlinking: /mnt/c/projects/ros-te/ros-te/intro_ws2/install/turtlesim/include/turtlesim/turtlesim/srv/detail/teleport_relative__struct.h
[83.615s] -- Symlinking: /mnt/c/projects/ros-te/ros-te/intro_ws2/install/turtlesim/include/turtlesim/turtlesim/srv/detail/teleport_relative__type_support.h
[83.681s] -- Symlinking: /mnt/c/projects/ros-te/ros-te/intro_ws2/install/turtlesim/include/turtlesim/turtlesim/srv/kill.h
[83.740s] -- Symlinking: /mnt/c/projects/ros-te/ros-te/intro_ws2/install/turtlesim/include/turtlesim/turtlesim/srv/set_pen.h
[83.800s] -- Symlinking: /mnt/c/projects/ros-te/ros-te/intro_ws2/install/turtlesim/include/turtlesim/turtlesim/srv/spawn.h
[83.865s] -- Symlinking: /mnt/c/projects/ros-te/ros-te/intro_ws2/install/turtlesim/include/turtlesim/turtlesim/srv/teleport_absolute.h
[83.934s] -- Symlinking: /mnt/c/projects/ros-te/ros-te/intro_ws2/install/turtlesim/include/turtlesim/turtlesim/srv/teleport_relative.h
[84.016s] -- Symlinking: /mnt/c/projects/ros-te/ros-te/intro_ws2/install/turtlesim/share/turtlesim/environment/library_path.sh
[84.071s] -- Symlinking: /mnt/c/projects/ros-te/ros-te/intro_ws2/install/turtlesim/share/turtlesim/environment/library_path.dsv
[84.508s] -- Symlinking: /mnt/c/projects/ros-te/ros-te/intro_ws2/install/turtlesim/include/turtlesim/turtlesim/action/detail/rotate_absolute__rosidl_typesupport_fastrtps_c.h
[84.575s] -- Symlinking: /mnt/c/projects/ros-te/ros-te/intro_ws2/install/turtlesim/include/turtlesim/turtlesim/msg/detail/color__rosidl_typesupport_fastrtps_c.h
[84.641s] -- Symlinking: /mnt/c/projects/ros-te/ros-te/intro_ws2/install/turtlesim/include/turtlesim/turtlesim/msg/detail/pose__rosidl_typesupport_fastrtps_c.h
[84.705s] -- Symlinking: /mnt/c/projects/ros-te/ros-te/intro_ws2/install/turtlesim/include/turtlesim/turtlesim/msg/rosidl_typesupport_fastrtps_c__visibility_control.h
[84.790s] -- Symlinking: /mnt/c/projects/ros-te/ros-te/intro_ws2/install/turtlesim/include/turtlesim/turtlesim/srv/detail/kill__rosidl_typesupport_fastrtps_c.h
[84.888s] -- Symlinking: /mnt/c/projects/ros-te/ros-te/intro_ws2/install/turtlesim/include/turtlesim/turtlesim/srv/detail/set_pen__rosidl_typesupport_fastrtps_c.h
[84.977s] -- Symlinking: /mnt/c/projects/ros-te/ros-te/intro_ws2/install/turtlesim/include/turtlesim/turtlesim/srv/detail/spawn__rosidl_typesupport_fastrtps_c.h
[85.058s] -- Symlinking: /mnt/c/projects/ros-te/ros-te/intro_ws2/install/turtlesim/include/turtlesim/turtlesim/srv/detail/teleport_absolute__rosidl_typesupport_fastrtps_c.h
[85.136s] -- Symlinking: /mnt/c/projects/ros-te/ros-te/intro_ws2/install/turtlesim/include/turtlesim/turtlesim/srv/detail/teleport_relative__rosidl_typesupport_fastrtps_c.h
[85.617s] -- Symlinking: /mnt/c/projects/ros-te/ros-te/intro_ws2/install/turtlesim/include/turtlesim/turtlesim/action/detail/rotate_absolute__builder.hpp
[85.690s] -- Symlinking: /mnt/c/projects/ros-te/ros-te/intro_ws2/install/turtlesim/include/turtlesim/turtlesim/action/detail/rotate_absolute__struct.hpp
[85.765s] -- Symlinking: /mnt/c/projects/ros-te/ros-te/intro_ws2/install/turtlesim/include/turtlesim/turtlesim/action/detail/rotate_absolute__traits.hpp
[85.842s] -- Symlinking: /mnt/c/projects/ros-te/ros-te/intro_ws2/install/turtlesim/include/turtlesim/turtlesim/action/detail/rotate_absolute__type_support.hpp
[85.919s] -- Symlinking: /mnt/c/projects/ros-te/ros-te/intro_ws2/install/turtlesim/include/turtlesim/turtlesim/action/rotate_absolute.hpp
[85.987s] -- Symlinking: /mnt/c/projects/ros-te/ros-te/intro_ws2/install/turtlesim/include/turtlesim/turtlesim/msg/color.hpp
[86.057s] -- Symlinking: /mnt/c/projects/ros-te/ros-te/intro_ws2/install/turtlesim/include/turtlesim/turtlesim/msg/detail/color__builder.hpp
[86.130s] -- Symlinking: /mnt/c/projects/ros-te/ros-te/intro_ws2/install/turtlesim/include/turtlesim/turtlesim/msg/detail/color__struct.hpp
[86.202s] -- Symlinking: /mnt/c/projects/ros-te/ros-te/intro_ws2/install/turtlesim/include/turtlesim/turtlesim/msg/detail/color__traits.hpp
[86.278s] -- Symlinking: /mnt/c/projects/ros-te/ros-te/intro_ws2/install/turtlesim/include/turtlesim/turtlesim/msg/detail/color__type_support.hpp
[86.349s] -- Symlinking: /mnt/c/projects/ros-te/ros-te/intro_ws2/install/turtlesim/include/turtlesim/turtlesim/msg/detail/pose__builder.hpp
[86.418s] -- Symlinking: /mnt/c/projects/ros-te/ros-te/intro_ws2/install/turtlesim/include/turtlesim/turtlesim/msg/detail/pose__struct.hpp
[86.508s] -- Symlinking: /mnt/c/projects/ros-te/ros-te/intro_ws2/install/turtlesim/include/turtlesim/turtlesim/msg/detail/pose__traits.hpp
[86.582s] -- Symlinking: /mnt/c/projects/ros-te/ros-te/intro_ws2/install/turtlesim/include/turtlesim/turtlesim/msg/detail/pose__type_support.hpp
[86.659s] -- Symlinking: /mnt/c/projects/ros-te/ros-te/intro_ws2/install/turtlesim/include/turtlesim/turtlesim/msg/pose.hpp
[86.727s] -- Symlinking: /mnt/c/projects/ros-te/ros-te/intro_ws2/install/turtlesim/include/turtlesim/turtlesim/msg/rosidl_generator_cpp__visibility_control.hpp
[86.806s] -- Symlinking: /mnt/c/projects/ros-te/ros-te/intro_ws2/install/turtlesim/include/turtlesim/turtlesim/srv/detail/kill__builder.hpp
[86.881s] -- Symlinking: /mnt/c/projects/ros-te/ros-te/intro_ws2/install/turtlesim/include/turtlesim/turtlesim/srv/detail/kill__struct.hpp
[86.956s] -- Symlinking: /mnt/c/projects/ros-te/ros-te/intro_ws2/install/turtlesim/include/turtlesim/turtlesim/srv/detail/kill__traits.hpp
[87.032s] -- Symlinking: /mnt/c/projects/ros-te/ros-te/intro_ws2/install/turtlesim/include/turtlesim/turtlesim/srv/detail/kill__type_support.hpp
[87.105s] -- Symlinking: /mnt/c/projects/ros-te/ros-te/intro_ws2/install/turtlesim/include/turtlesim/turtlesim/srv/detail/set_pen__builder.hpp
[87.180s] -- Symlinking: /mnt/c/projects/ros-te/ros-te/intro_ws2/install/turtlesim/include/turtlesim/turtlesim/srv/detail/set_pen__struct.hpp
[87.258s] -- Symlinking: /mnt/c/projects/ros-te/ros-te/intro_ws2/install/turtlesim/include/turtlesim/turtlesim/srv/detail/set_pen__traits.hpp
[87.343s] -- Symlinking: /mnt/c/projects/ros-te/ros-te/intro_ws2/install/turtlesim/include/turtlesim/turtlesim/srv/detail/set_pen__type_support.hpp
[87.422s] -- Symlinking: /mnt/c/projects/ros-te/ros-te/intro_ws2/install/turtlesim/include/turtlesim/turtlesim/srv/detail/spawn__builder.hpp
[87.495s] -- Symlinking: /mnt/c/projects/ros-te/ros-te/intro_ws2/install/turtlesim/include/turtlesim/turtlesim/srv/detail/spawn__struct.hpp
[87.586s] -- Symlinking: /mnt/c/projects/ros-te/ros-te/intro_ws2/install/turtlesim/include/turtlesim/turtlesim/srv/detail/spawn__traits.hpp
[87.674s] -- Symlinking: /mnt/c/projects/ros-te/ros-te/intro_ws2/install/turtlesim/include/turtlesim/turtlesim/srv/detail/spawn__type_support.hpp
[87.748s] -- Symlinking: /mnt/c/projects/ros-te/ros-te/intro_ws2/install/turtlesim/include/turtlesim/turtlesim/srv/detail/teleport_absolute__builder.hpp
[87.824s] -- Symlinking: /mnt/c/projects/ros-te/ros-te/intro_ws2/install/turtlesim/include/turtlesim/turtlesim/srv/detail/teleport_absolute__struct.hpp
[87.904s] -- Symlinking: /mnt/c/projects/ros-te/ros-te/intro_ws2/install/turtlesim/include/turtlesim/turtlesim/srv/detail/teleport_absolute__traits.hpp
[87.969s] -- Symlinking: /mnt/c/projects/ros-te/ros-te/intro_ws2/install/turtlesim/include/turtlesim/turtlesim/srv/detail/teleport_absolute__type_support.hpp
[88.054s] -- Symlinking: /mnt/c/projects/ros-te/ros-te/intro_ws2/install/turtlesim/include/turtlesim/turtlesim/srv/detail/teleport_relative__builder.hpp
[88.135s] -- Symlinking: /mnt/c/projects/ros-te/ros-te/intro_ws2/install/turtlesim/include/turtlesim/turtlesim/srv/detail/teleport_relative__struct.hpp
[88.212s] -- Symlinking: /mnt/c/projects/ros-te/ros-te/intro_ws2/install/turtlesim/include/turtlesim/turtlesim/srv/detail/teleport_relative__traits.hpp
[88.277s] -- Symlinking: /mnt/c/projects/ros-te/ros-te/intro_ws2/install/turtlesim/include/turtlesim/turtlesim/srv/detail/teleport_relative__type_support.hpp
[88.350s] -- Symlinking: /mnt/c/projects/ros-te/ros-te/intro_ws2/install/turtlesim/include/turtlesim/turtlesim/srv/kill.hpp
[88.411s] -- Symlinking: /mnt/c/projects/ros-te/ros-te/intro_ws2/install/turtlesim/include/turtlesim/turtlesim/srv/set_pen.hpp
[88.473s] -- Symlinking: /mnt/c/projects/ros-te/ros-te/intro_ws2/install/turtlesim/include/turtlesim/turtlesim/srv/spawn.hpp
[88.539s] -- Symlinking: /mnt/c/projects/ros-te/ros-te/intro_ws2/install/turtlesim/include/turtlesim/turtlesim/srv/teleport_absolute.hpp
[88.601s] -- Symlinking: /mnt/c/projects/ros-te/ros-te/intro_ws2/install/turtlesim/include/turtlesim/turtlesim/srv/teleport_relative.hpp
[89.182s] -- Symlinking: /mnt/c/projects/ros-te/ros-te/intro_ws2/install/turtlesim/include/turtlesim/turtlesim/action/detail/rotate_absolute__rosidl_typesupport_fastrtps_cpp.hpp
[89.255s] -- Symlinking: /mnt/c/projects/ros-te/ros-te/intro_ws2/install/turtlesim/include/turtlesim/turtlesim/msg/detail/color__rosidl_typesupport_fastrtps_cpp.hpp
[89.343s] -- Symlinking: /mnt/c/projects/ros-te/ros-te/intro_ws2/install/turtlesim/include/turtlesim/turtlesim/msg/detail/pose__rosidl_typesupport_fastrtps_cpp.hpp
[89.425s] -- Symlinking: /mnt/c/projects/ros-te/ros-te/intro_ws2/install/turtlesim/include/turtlesim/turtlesim/msg/rosidl_typesupport_fastrtps_cpp__visibility_control.h
[89.494s] -- Symlinking: /mnt/c/projects/ros-te/ros-te/intro_ws2/install/turtlesim/include/turtlesim/turtlesim/srv/detail/kill__rosidl_typesupport_fastrtps_cpp.hpp
[89.571s] -- Symlinking: /mnt/c/projects/ros-te/ros-te/intro_ws2/install/turtlesim/include/turtlesim/turtlesim/srv/detail/set_pen__rosidl_typesupport_fastrtps_cpp.hpp
[89.640s] -- Symlinking: /mnt/c/projects/ros-te/ros-te/intro_ws2/install/turtlesim/include/turtlesim/turtlesim/srv/detail/spawn__rosidl_typesupport_fastrtps_cpp.hpp
[89.713s] -- Symlinking: /mnt/c/projects/ros-te/ros-te/intro_ws2/install/turtlesim/include/turtlesim/turtlesim/srv/detail/teleport_absolute__rosidl_typesupport_fastrtps_cpp.hpp
[89.787s] -- Symlinking: /mnt/c/projects/ros-te/ros-te/intro_ws2/install/turtlesim/include/turtlesim/turtlesim/srv/detail/teleport_relative__rosidl_typesupport_fastrtps_cpp.hpp
[90.071s] -- Symlinking: /mnt/c/projects/ros-te/ros-te/intro_ws2/install/turtlesim/include/turtlesim/turtlesim/action/detail/rotate_absolute__rosidl_typesupport_introspection_c.h
[90.154s] -- Symlinking: /mnt/c/projects/ros-te/ros-te/intro_ws2/install/turtlesim/include/turtlesim/turtlesim/msg/detail/color__rosidl_typesupport_introspection_c.h
[90.226s] -- Symlinking: /mnt/c/projects/ros-te/ros-te/intro_ws2/install/turtlesim/include/turtlesim/turtlesim/msg/detail/pose__rosidl_typesupport_introspection_c.h
[90.297s] -- Symlinking: /mnt/c/projects/ros-te/ros-te/intro_ws2/install/turtlesim/include/turtlesim/turtlesim/msg/rosidl_typesupport_introspection_c__visibility_control.h
[90.368s] -- Symlinking: /mnt/c/projects/ros-te/ros-te/intro_ws2/install/turtlesim/include/turtlesim/turtlesim/srv/detail/kill__rosidl_typesupport_introspection_c.h
[90.442s] -- Symlinking: /mnt/c/projects/ros-te/ros-te/intro_ws2/install/turtlesim/include/turtlesim/turtlesim/srv/detail/set_pen__rosidl_typesupport_introspection_c.h
[90.510s] -- Symlinking: /mnt/c/projects/ros-te/ros-te/intro_ws2/install/turtlesim/include/turtlesim/turtlesim/srv/detail/spawn__rosidl_typesupport_introspection_c.h
[90.583s] -- Symlinking: /mnt/c/projects/ros-te/ros-te/intro_ws2/install/turtlesim/include/turtlesim/turtlesim/srv/detail/teleport_absolute__rosidl_typesupport_introspection_c.h
[90.654s] -- Symlinking: /mnt/c/projects/ros-te/ros-te/intro_ws2/install/turtlesim/include/turtlesim/turtlesim/srv/detail/teleport_relative__rosidl_typesupport_introspection_c.h
[90.951s] -- Symlinking: /mnt/c/projects/ros-te/ros-te/intro_ws2/install/turtlesim/include/turtlesim/turtlesim/action/detail/rotate_absolute__rosidl_typesupport_introspection_cpp.hpp
[91.027s] -- Symlinking: /mnt/c/projects/ros-te/ros-te/intro_ws2/install/turtlesim/include/turtlesim/turtlesim/msg/detail/color__rosidl_typesupport_introspection_cpp.hpp
[91.103s] -- Symlinking: /mnt/c/projects/ros-te/ros-te/intro_ws2/install/turtlesim/include/turtlesim/turtlesim/msg/detail/pose__rosidl_typesupport_introspection_cpp.hpp
[91.201s] -- Symlinking: /mnt/c/projects/ros-te/ros-te/intro_ws2/install/turtlesim/include/turtlesim/turtlesim/srv/detail/kill__rosidl_typesupport_introspection_cpp.hpp
[91.281s] -- Symlinking: /mnt/c/projects/ros-te/ros-te/intro_ws2/install/turtlesim/include/turtlesim/turtlesim/srv/detail/set_pen__rosidl_typesupport_introspection_cpp.hpp
[91.354s] -- Symlinking: /mnt/c/projects/ros-te/ros-te/intro_ws2/install/turtlesim/include/turtlesim/turtlesim/srv/detail/spawn__rosidl_typesupport_introspection_cpp.hpp
[91.422s] -- Symlinking: /mnt/c/projects/ros-te/ros-te/intro_ws2/install/turtlesim/include/turtlesim/turtlesim/srv/detail/teleport_absolute__rosidl_typesupport_introspection_cpp.hpp
[91.495s] -- Symlinking: /mnt/c/projects/ros-te/ros-te/intro_ws2/install/turtlesim/include/turtlesim/turtlesim/srv/detail/teleport_relative__rosidl_typesupport_introspection_cpp.hpp
[91.568s] -- Symlinking: /mnt/c/projects/ros-te/ros-te/intro_ws2/install/turtlesim/share/turtlesim/environment/pythonpath.sh
[91.630s] -- Symlinking: /mnt/c/projects/ros-te/ros-te/intro_ws2/install/turtlesim/share/turtlesim/environment/pythonpath.dsv
[91.746s] -- Symlinking: /mnt/c/projects/ros-te/ros-te/intro_ws2/install/turtlesim/local/lib/python3.10/dist-packages/turtlesim-1.4.2-py3.10.egg-info/PKG-INFO
[91.812s] -- Symlinking: /mnt/c/projects/ros-te/ros-te/intro_ws2/install/turtlesim/local/lib/python3.10/dist-packages/turtlesim-1.4.2-py3.10.egg-info/SOURCES.txt
[91.886s] -- Symlinking: /mnt/c/projects/ros-te/ros-te/intro_ws2/install/turtlesim/local/lib/python3.10/dist-packages/turtlesim-1.4.2-py3.10.egg-info/dependency_links.txt
[91.955s] -- Symlinking: /mnt/c/projects/ros-te/ros-te/intro_ws2/install/turtlesim/local/lib/python3.10/dist-packages/turtlesim-1.4.2-py3.10.egg-info/top_level.txt
[92.669s] -- Symlinking: /mnt/c/projects/ros-te/ros-te/intro_ws2/install/turtlesim/local/lib/python3.10/dist-packages/turtlesim/__init__.py
[92.784s] -- Symlinking: /mnt/c/projects/ros-te/ros-te/intro_ws2/install/turtlesim/local/lib/python3.10/dist-packages/turtlesim/_turtlesim_s.ep.rosidl_typesupport_c.c
[92.906s] -- Symlinking: /mnt/c/projects/ros-te/ros-te/intro_ws2/install/turtlesim/local/lib/python3.10/dist-packages/turtlesim/_turtlesim_s.ep.rosidl_typesupport_fastrtps_c.c
[93.000s] -- Symlinking: /mnt/c/projects/ros-te/ros-te/intro_ws2/install/turtlesim/local/lib/python3.10/dist-packages/turtlesim/_turtlesim_s.ep.rosidl_typesupport_introspection_c.c
[93.106s] -- Symlinking: /mnt/c/projects/ros-te/ros-te/intro_ws2/install/turtlesim/local/lib/python3.10/dist-packages/turtlesim/action/__init__.py
[93.192s] -- Symlinking: /mnt/c/projects/ros-te/ros-te/intro_ws2/install/turtlesim/local/lib/python3.10/dist-packages/turtlesim/action/_rotate_absolute.py
[93.272s] -- Symlinking: /mnt/c/projects/ros-te/ros-te/intro_ws2/install/turtlesim/local/lib/python3.10/dist-packages/turtlesim/action/_rotate_absolute_s.c
[93.361s] -- Symlinking: /mnt/c/projects/ros-te/ros-te/intro_ws2/install/turtlesim/local/lib/python3.10/dist-packages/turtlesim/libturtlesim__rosidl_generator_py.so
[93.473s] -- Symlinking: /mnt/c/projects/ros-te/ros-te/intro_ws2/install/turtlesim/local/lib/python3.10/dist-packages/turtlesim/msg/__init__.py
[93.552s] -- Symlinking: /mnt/c/projects/ros-te/ros-te/intro_ws2/install/turtlesim/local/lib/python3.10/dist-packages/turtlesim/msg/_color.py
[93.633s] -- Symlinking: /mnt/c/projects/ros-te/ros-te/intro_ws2/install/turtlesim/local/lib/python3.10/dist-packages/turtlesim/msg/_color_s.c
[93.714s] -- Symlinking: /mnt/c/projects/ros-te/ros-te/intro_ws2/install/turtlesim/local/lib/python3.10/dist-packages/turtlesim/msg/_pose.py
[93.792s] -- Symlinking: /mnt/c/projects/ros-te/ros-te/intro_ws2/install/turtlesim/local/lib/python3.10/dist-packages/turtlesim/msg/_pose_s.c
[93.909s] -- Symlinking: /mnt/c/projects/ros-te/ros-te/intro_ws2/install/turtlesim/local/lib/python3.10/dist-packages/turtlesim/srv/__init__.py
[93.990s] -- Symlinking: /mnt/c/projects/ros-te/ros-te/intro_ws2/install/turtlesim/local/lib/python3.10/dist-packages/turtlesim/srv/_kill.py
[94.067s] -- Symlinking: /mnt/c/projects/ros-te/ros-te/intro_ws2/install/turtlesim/local/lib/python3.10/dist-packages/turtlesim/srv/_kill_s.c
[94.142s] -- Symlinking: /mnt/c/projects/ros-te/ros-te/intro_ws2/install/turtlesim/local/lib/python3.10/dist-packages/turtlesim/srv/_set_pen.py
[94.225s] -- Symlinking: /mnt/c/projects/ros-te/ros-te/intro_ws2/install/turtlesim/local/lib/python3.10/dist-packages/turtlesim/srv/_set_pen_s.c
[94.311s] -- Symlinking: /mnt/c/projects/ros-te/ros-te/intro_ws2/install/turtlesim/local/lib/python3.10/dist-packages/turtlesim/srv/_spawn.py
[94.439s] -- Symlinking: /mnt/c/projects/ros-te/ros-te/intro_ws2/install/turtlesim/local/lib/python3.10/dist-packages/turtlesim/srv/_spawn_s.c
[94.534s] -- Symlinking: /mnt/c/projects/ros-te/ros-te/intro_ws2/install/turtlesim/local/lib/python3.10/dist-packages/turtlesim/srv/_teleport_absolute.py
[94.597s] -- Symlinking: /mnt/c/projects/ros-te/ros-te/intro_ws2/install/turtlesim/local/lib/python3.10/dist-packages/turtlesim/srv/_teleport_absolute_s.c
[94.689s] -- Symlinking: /mnt/c/projects/ros-te/ros-te/intro_ws2/install/turtlesim/local/lib/python3.10/dist-packages/turtlesim/srv/_teleport_relative.py
[94.759s] -- Symlinking: /mnt/c/projects/ros-te/ros-te/intro_ws2/install/turtlesim/local/lib/python3.10/dist-packages/turtlesim/srv/_teleport_relative_s.c
[94.864s] -- Symlinking: /mnt/c/projects/ros-te/ros-te/intro_ws2/install/turtlesim/local/lib/python3.10/dist-packages/turtlesim/turtlesim_s__rosidl_typesupport_c.cpython-310-x86_64-linux-gnu.so
[94.972s] -- Symlinking: /mnt/c/projects/ros-te/ros-te/intro_ws2/install/turtlesim/local/lib/python3.10/dist-packages/turtlesim/turtlesim_s__rosidl_typesupport_fastrtps_c.cpython-310-x86_64-linux-gnu.so
[95.053s] -- Symlinking: /mnt/c/projects/ros-te/ros-te/intro_ws2/install/turtlesim/local/lib/python3.10/dist-packages/turtlesim/turtlesim_s__rosidl_typesupport_introspection_c.cpython-310-x86_64-linux-gnu.so
[95.298s] -- Up-to-date symlink: /mnt/c/projects/ros-te/ros-te/intro_ws2/install/turtlesim/local/lib/python3.10/dist-packages/turtlesim/turtlesim_s__rosidl_typesupport_fastrtps_c.cpython-310-x86_64-linux-gnu.so
[95.425s] -- Up-to-date symlink: /mnt/c/projects/ros-te/ros-te/intro_ws2/install/turtlesim/local/lib/python3.10/dist-packages/turtlesim/turtlesim_s__rosidl_typesupport_introspection_c.cpython-310-x86_64-linux-gnu.so
[95.561s] -- Up-to-date symlink: /mnt/c/projects/ros-te/ros-te/intro_ws2/install/turtlesim/local/lib/python3.10/dist-packages/turtlesim/turtlesim_s__rosidl_typesupport_c.cpython-310-x86_64-linux-gnu.so
[95.632s] -- Symlinking: /mnt/c/projects/ros-te/ros-te/intro_ws2/install/turtlesim/share/turtlesim/action/RotateAbsolute.idl
[95.767s] -- Symlinking: /mnt/c/projects/ros-te/ros-te/intro_ws2/install/turtlesim/share/turtlesim/msg/Color.idl
[95.869s] -- Symlinking: /mnt/c/projects/ros-te/ros-te/intro_ws2/install/turtlesim/share/turtlesim/msg/Pose.idl
[95.992s] -- Symlinking: /mnt/c/projects/ros-te/ros-te/intro_ws2/install/turtlesim/share/turtlesim/srv/Kill.idl
[96.122s] -- Symlinking: /mnt/c/projects/ros-te/ros-te/intro_ws2/install/turtlesim/share/turtlesim/srv/SetPen.idl
[96.234s] -- Symlinking: /mnt/c/projects/ros-te/ros-te/intro_ws2/install/turtlesim/share/turtlesim/srv/Spawn.idl
[96.314s] -- Symlinking: /mnt/c/projects/ros-te/ros-te/intro_ws2/install/turtlesim/share/turtlesim/srv/TeleportAbsolute.idl
[96.392s] -- Symlinking: /mnt/c/projects/ros-te/ros-te/intro_ws2/install/turtlesim/share/turtlesim/srv/TeleportRelative.idl
[96.508s] -- Symlinking: /mnt/c/projects/ros-te/ros-te/intro_ws2/install/turtlesim/share/turtlesim/action/RotateAbsolute.action
[96.577s] -- Symlinking: /mnt/c/projects/ros-te/ros-te/intro_ws2/install/turtlesim/share/turtlesim/msg/Color.msg
[96.696s] -- Symlinking: /mnt/c/projects/ros-te/ros-te/intro_ws2/install/turtlesim/share/turtlesim/msg/Pose.msg
[96.809s] -- Symlinking: /mnt/c/projects/ros-te/ros-te/intro_ws2/install/turtlesim/share/turtlesim/srv/Kill.srv
[96.888s] -- Symlinking: /mnt/c/projects/ros-te/ros-te/intro_ws2/install/turtlesim/share/turtlesim/srv/Kill_Request.msg
[97.008s] -- Symlinking: /mnt/c/projects/ros-te/ros-te/intro_ws2/install/turtlesim/share/turtlesim/srv/Kill_Response.msg
[97.130s] -- Symlinking: /mnt/c/projects/ros-te/ros-te/intro_ws2/install/turtlesim/share/turtlesim/srv/SetPen.srv
[97.229s] -- Symlinking: /mnt/c/projects/ros-te/ros-te/intro_ws2/install/turtlesim/share/turtlesim/srv/SetPen_Request.msg
[97.339s] -- Symlinking: /mnt/c/projects/ros-te/ros-te/intro_ws2/install/turtlesim/share/turtlesim/srv/SetPen_Response.msg
[97.449s] -- Symlinking: /mnt/c/projects/ros-te/ros-te/intro_ws2/install/turtlesim/share/turtlesim/srv/Spawn.srv
[97.532s] -- Symlinking: /mnt/c/projects/ros-te/ros-te/intro_ws2/install/turtlesim/share/turtlesim/srv/Spawn_Request.msg
[97.633s] -- Symlinking: /mnt/c/projects/ros-te/ros-te/intro_ws2/install/turtlesim/share/turtlesim/srv/Spawn_Response.msg
[97.753s] -- Symlinking: /mnt/c/projects/ros-te/ros-te/intro_ws2/install/turtlesim/share/turtlesim/srv/TeleportAbsolute.srv
[97.858s] -- Symlinking: /mnt/c/projects/ros-te/ros-te/intro_ws2/install/turtlesim/share/turtlesim/srv/TeleportAbsolute_Request.msg
[97.974s] -- Symlinking: /mnt/c/projects/ros-te/ros-te/intro_ws2/install/turtlesim/share/turtlesim/srv/TeleportAbsolute_Response.msg
[98.089s] -- Symlinking: /mnt/c/projects/ros-te/ros-te/intro_ws2/install/turtlesim/share/turtlesim/srv/TeleportRelative.srv
[98.192s] -- Symlinking: /mnt/c/projects/ros-te/ros-te/intro_ws2/install/turtlesim/share/turtlesim/srv/TeleportRelative_Request.msg
[98.290s] -- Symlinking: /mnt/c/projects/ros-te/ros-te/intro_ws2/install/turtlesim/share/turtlesim/srv/TeleportRelative_Response.msg
[98.401s] -- Symlinking: /mnt/c/projects/ros-te/ros-te/intro_ws2/install/turtlesim/lib/turtlesim/turtlesim_node
[98.446s] -- Symlinking: /mnt/c/projects/ros-te/ros-te/intro_ws2/install/turtlesim/lib/turtlesim/turtle_teleop_key
[98.498s] -- Symlinking: /mnt/c/projects/ros-te/ros-te/intro_ws2/install/turtlesim/lib/turtlesim/draw_square
[98.594s] -- Symlinking: /mnt/c/projects/ros-te/ros-te/intro_ws2/install/turtlesim/lib/turtlesim/mimic
[98.764s] -- Symlinking: /mnt/c/projects/ros-te/ros-te/intro_ws2/install/turtlesim/share/turtlesim/launch/multisim.launch.py
[98.908s] -- Symlinking: /mnt/c/projects/ros-te/ros-te/intro_ws2/install/turtlesim/share/ament_index/resource_index/package_run_dependencies/turtlesim
[99.076s] -- Symlinking: /mnt/c/projects/ros-te/ros-te/intro_ws2/install/turtlesim/share/ament_index/resource_index/parent_prefix_path/turtlesim
[99.189s] -- Symlinking: /mnt/c/projects/ros-te/ros-te/intro_ws2/install/turtlesim/share/turtlesim/environment/ament_prefix_path.sh
[99.302s] -- Symlinking: /mnt/c/projects/ros-te/ros-te/intro_ws2/install/turtlesim/share/turtlesim/environment/ament_prefix_path.dsv
[99.396s] -- Symlinking: /mnt/c/projects/ros-te/ros-te/intro_ws2/install/turtlesim/share/turtlesim/environment/path.sh
[99.452s] -- Symlinking: /mnt/c/projects/ros-te/ros-te/intro_ws2/install/turtlesim/share/turtlesim/environment/path.dsv
[99.515s] -- Symlinking: /mnt/c/projects/ros-te/ros-te/intro_ws2/install/turtlesim/share/turtlesim/local_setup.bash
[99.560s] -- Symlinking: /mnt/c/projects/ros-te/ros-te/intro_ws2/install/turtlesim/share/turtlesim/local_setup.sh
[99.621s] -- Symlinking: /mnt/c/projects/ros-te/ros-te/intro_ws2/install/turtlesim/share/turtlesim/local_setup.zsh
[99.666s] -- Symlinking: /mnt/c/projects/ros-te/ros-te/intro_ws2/install/turtlesim/share/turtlesim/local_setup.dsv
[99.747s] -- Symlinking: /mnt/c/projects/ros-te/ros-te/intro_ws2/install/turtlesim/share/turtlesim/package.dsv
[99.849s] -- Symlinking: /mnt/c/projects/ros-te/ros-te/intro_ws2/install/turtlesim/share/ament_index/resource_index/packages/turtlesim
[99.988s] -- Symlinking: /mnt/c/projects/ros-te/ros-te/intro_ws2/install/turtlesim/share/turtlesim/cmake/rosidl_cmake-extras.cmake
[100.062s] -- Symlinking: /mnt/c/projects/ros-te/ros-te/intro_ws2/install/turtlesim/share/turtlesim/cmake/ament_cmake_export_dependencies-extras.cmake
[100.165s] -- Symlinking: /mnt/c/projects/ros-te/ros-te/intro_ws2/install/turtlesim/share/turtlesim/cmake/ament_cmake_export_include_directories-extras.cmake
[100.276s] -- Symlinking: /mnt/c/projects/ros-te/ros-te/intro_ws2/install/turtlesim/share/turtlesim/cmake/ament_cmake_export_libraries-extras.cmake
[100.364s] -- Symlinking: /mnt/c/projects/ros-te/ros-te/intro_ws2/install/turtlesim/share/turtlesim/cmake/ament_cmake_export_targets-extras.cmake
[100.454s] -- Symlinking: /mnt/c/projects/ros-te/ros-te/intro_ws2/install/turtlesim/share/turtlesim/cmake/rosidl_cmake_export_typesupport_targets-extras.cmake
[100.522s] -- Symlinking: /mnt/c/projects/ros-te/ros-te/intro_ws2/install/turtlesim/share/turtlesim/cmake/rosidl_cmake_export_typesupport_libraries-extras.cmake
[100.626s] -- Symlinking: /mnt/c/projects/ros-te/ros-te/intro_ws2/install/turtlesim/share/turtlesim/cmake/turtlesimConfig.cmake
[100.707s] -- Symlinking: /mnt/c/projects/ros-te/ros-te/intro_ws2/install/turtlesim/share/turtlesim/cmake/turtlesimConfig-version.cmake
[100.826s] -- Symlinking: /mnt/c/projects/ros-te/ros-te/intro_ws2/install/turtlesim/share/turtlesim/package.xml
[100.920s] -- Installing: /mnt/c/projects/ros-te/ros-te/intro_ws2/install/turtlesim/lib/libturtlesim__rosidl_generator_c.so
[101.141s] -- Set runtime path of "/mnt/c/projects/ros-te/ros-te/intro_ws2/install/turtlesim/lib/libturtlesim__rosidl_generator_c.so" to ""
[101.157s] -- Installing: /mnt/c/projects/ros-te/ros-te/intro_ws2/install/turtlesim/lib/libturtlesim__rosidl_typesupport_fastrtps_c.so
[101.388s] -- Set runtime path of "/mnt/c/projects/ros-te/ros-te/intro_ws2/install/turtlesim/lib/libturtlesim__rosidl_typesupport_fastrtps_c.so" to ""
[101.405s] -- Installing: /mnt/c/projects/ros-te/ros-te/intro_ws2/install/turtlesim/lib/libturtlesim__rosidl_typesupport_fastrtps_cpp.so
[101.848s] -- Set runtime path of "/mnt/c/projects/ros-te/ros-te/intro_ws2/install/turtlesim/lib/libturtlesim__rosidl_typesupport_fastrtps_cpp.so" to ""
[101.865s] -- Installing: /mnt/c/projects/ros-te/ros-te/intro_ws2/install/turtlesim/lib/libturtlesim__rosidl_typesupport_introspection_c.so
[101.973s] -- Set runtime path of "/mnt/c/projects/ros-te/ros-te/intro_ws2/install/turtlesim/lib/libturtlesim__rosidl_typesupport_introspection_c.so" to ""
[101.995s] -- Installing: /mnt/c/projects/ros-te/ros-te/intro_ws2/install/turtlesim/lib/libturtlesim__rosidl_typesupport_c.so
[102.110s] -- Set runtime path of "/mnt/c/projects/ros-te/ros-te/intro_ws2/install/turtlesim/lib/libturtlesim__rosidl_typesupport_c.so" to ""
[102.126s] -- Installing: /mnt/c/projects/ros-te/ros-te/intro_ws2/install/turtlesim/lib/libturtlesim__rosidl_typesupport_introspection_cpp.so
[102.245s] -- Set runtime path of "/mnt/c/projects/ros-te/ros-te/intro_ws2/install/turtlesim/lib/libturtlesim__rosidl_typesupport_introspection_cpp.so" to ""
[102.263s] -- Installing: /mnt/c/projects/ros-te/ros-te/intro_ws2/install/turtlesim/lib/libturtlesim__rosidl_typesupport_cpp.so
[102.369s] -- Set runtime path of "/mnt/c/projects/ros-te/ros-te/intro_ws2/install/turtlesim/lib/libturtlesim__rosidl_typesupport_cpp.so" to ""
[105.259s] Listing '/mnt/c/projects/ros-te/ros-te/intro_ws2/install/turtlesim/local/lib/python3.10/dist-packages/turtlesim'...
[105.261s] Compiling '/mnt/c/projects/ros-te/ros-te/intro_ws2/install/turtlesim/local/lib/python3.10/dist-packages/turtlesim/__init__.py'...
[105.262s] Listing '/mnt/c/projects/ros-te/ros-te/intro_ws2/install/turtlesim/local/lib/python3.10/dist-packages/turtlesim/action'...
[105.263s] Compiling '/mnt/c/projects/ros-te/ros-te/intro_ws2/install/turtlesim/local/lib/python3.10/dist-packages/turtlesim/action/__init__.py'...
[105.265s] Compiling '/mnt/c/projects/ros-te/ros-te/intro_ws2/install/turtlesim/local/lib/python3.10/dist-packages/turtlesim/action/_rotate_absolute.py'...
[105.266s] Listing '/mnt/c/projects/ros-te/ros-te/intro_ws2/install/turtlesim/local/lib/python3.10/dist-packages/turtlesim/msg'...
[105.267s] Compiling '/mnt/c/projects/ros-te/ros-te/intro_ws2/install/turtlesim/local/lib/python3.10/dist-packages/turtlesim/msg/__init__.py'...
[105.268s] Compiling '/mnt/c/projects/ros-te/ros-te/intro_ws2/install/turtlesim/local/lib/python3.10/dist-packages/turtlesim/msg/_color.py'...
[105.269s] Compiling '/mnt/c/projects/ros-te/ros-te/intro_ws2/install/turtlesim/local/lib/python3.10/dist-packages/turtlesim/msg/_pose.py'...
[105.270s] Listing '/mnt/c/projects/ros-te/ros-te/intro_ws2/install/turtlesim/local/lib/python3.10/dist-packages/turtlesim/srv'...
[105.271s] Compiling '/mnt/c/projects/ros-te/ros-te/intro_ws2/install/turtlesim/local/lib/python3.10/dist-packages/turtlesim/srv/__init__.py'...
[105.273s] Compiling '/mnt/c/projects/ros-te/ros-te/intro_ws2/install/turtlesim/local/lib/python3.10/dist-packages/turtlesim/srv/_kill.py'...
[105.274s] Compiling '/mnt/c/projects/ros-te/ros-te/intro_ws2/install/turtlesim/local/lib/python3.10/dist-packages/turtlesim/srv/_set_pen.py'...
[105.275s] Compiling '/mnt/c/projects/ros-te/ros-te/intro_ws2/install/turtlesim/local/lib/python3.10/dist-packages/turtlesim/srv/_spawn.py'...
[105.276s] Compiling '/mnt/c/projects/ros-te/ros-te/intro_ws2/install/turtlesim/local/lib/python3.10/dist-packages/turtlesim/srv/_teleport_absolute.py'...
[105.278s] Compiling '/mnt/c/projects/ros-te/ros-te/intro_ws2/install/turtlesim/local/lib/python3.10/dist-packages/turtlesim/srv/_teleport_relative.py'...
[105.298s] -- Installing: /mnt/c/projects/ros-te/ros-te/intro_ws2/install/turtlesim/lib/libturtlesim__rosidl_generator_py.so
[105.483s] -- Set runtime path of "/mnt/c/projects/ros-te/ros-te/intro_ws2/install/turtlesim/lib/libturtlesim__rosidl_generator_py.so" to ""
[105.505s] -- Installing: /mnt/c/projects/ros-te/ros-te/intro_ws2/install/turtlesim/share/turtlesim/images
[105.562s] -- Installing: /mnt/c/projects/ros-te/ros-te/intro_ws2/install/turtlesim/share/turtlesim/images/ardent.png
[105.669s] -- Installing: /mnt/c/projects/ros-te/ros-te/intro_ws2/install/turtlesim/share/turtlesim/images/bouncy.png
[105.800s] -- Installing: /mnt/c/projects/ros-te/ros-te/intro_ws2/install/turtlesim/share/turtlesim/images/crystal.png
[105.910s] -- Installing: /mnt/c/projects/ros-te/ros-te/intro_ws2/install/turtlesim/share/turtlesim/images/dashing.png
[106.029s] -- Installing: /mnt/c/projects/ros-te/ros-te/intro_ws2/install/turtlesim/share/turtlesim/images/eloquent.png
[106.151s] -- Installing: /mnt/c/projects/ros-te/ros-te/intro_ws2/install/turtlesim/share/turtlesim/images/foxy.png
[106.279s] -- Installing: /mnt/c/projects/ros-te/ros-te/intro_ws2/install/turtlesim/share/turtlesim/images/galactic.png
[106.407s] -- Installing: /mnt/c/projects/ros-te/ros-te/intro_ws2/install/turtlesim/share/turtlesim/images/humble.png
[106.544s] -- Installing: /mnt/c/projects/ros-te/ros-te/intro_ws2/install/turtlesim/share/turtlesim/images/rolling.png
[106.669s] -- Installing: /mnt/c/projects/ros-te/ros-te/intro_ws2/install/turtlesim/share/turtlesim/cmake/export_turtlesim__rosidl_generator_cExport.cmake
[106.809s] -- Installing: /mnt/c/projects/ros-te/ros-te/intro_ws2/install/turtlesim/share/turtlesim/cmake/export_turtlesim__rosidl_generator_cExport-noconfig.cmake
[106.935s] -- Installing: /mnt/c/projects/ros-te/ros-te/intro_ws2/install/turtlesim/share/turtlesim/cmake/export_turtlesim__rosidl_typesupport_fastrtps_cExport.cmake
[107.099s] -- Installing: /mnt/c/projects/ros-te/ros-te/intro_ws2/install/turtlesim/share/turtlesim/cmake/export_turtlesim__rosidl_typesupport_fastrtps_cExport-noconfig.cmake
[107.351s] -- Installing: /mnt/c/projects/ros-te/ros-te/intro_ws2/install/turtlesim/share/turtlesim/cmake/export_turtlesim__rosidl_generator_cppExport.cmake
[107.656s] -- Installing: /mnt/c/projects/ros-te/ros-te/intro_ws2/install/turtlesim/share/turtlesim/cmake/export_turtlesim__rosidl_typesupport_fastrtps_cppExport.cmake
[107.915s] -- Installing: /mnt/c/projects/ros-te/ros-te/intro_ws2/install/turtlesim/share/turtlesim/cmake/export_turtlesim__rosidl_typesupport_fastrtps_cppExport-noconfig.cmake
[108.205s] -- Installing: /mnt/c/projects/ros-te/ros-te/intro_ws2/install/turtlesim/share/turtlesim/cmake/turtlesim__rosidl_typesupport_introspection_cExport.cmake
[108.314s] -- Installing: /mnt/c/projects/ros-te/ros-te/intro_ws2/install/turtlesim/share/turtlesim/cmake/turtlesim__rosidl_typesupport_introspection_cExport-noconfig.cmake
[108.541s] -- Installing: /mnt/c/projects/ros-te/ros-te/intro_ws2/install/turtlesim/share/turtlesim/cmake/turtlesim__rosidl_typesupport_cExport.cmake
[108.747s] -- Installing: /mnt/c/projects/ros-te/ros-te/intro_ws2/install/turtlesim/share/turtlesim/cmake/turtlesim__rosidl_typesupport_cExport-noconfig.cmake
[108.869s] -- Installing: /mnt/c/projects/ros-te/ros-te/intro_ws2/install/turtlesim/share/turtlesim/cmake/turtlesim__rosidl_typesupport_introspection_cppExport.cmake
[109.034s] -- Installing: /mnt/c/projects/ros-te/ros-te/intro_ws2/install/turtlesim/share/turtlesim/cmake/turtlesim__rosidl_typesupport_introspection_cppExport-noconfig.cmake
[109.171s] -- Installing: /mnt/c/projects/ros-te/ros-te/intro_ws2/install/turtlesim/share/turtlesim/cmake/turtlesim__rosidl_typesupport_cppExport.cmake
[109.235s] -- Installing: /mnt/c/projects/ros-te/ros-te/intro_ws2/install/turtlesim/share/turtlesim/cmake/turtlesim__rosidl_typesupport_cppExport-noconfig.cmake
[109.294s] -- Installing: /mnt/c/projects/ros-te/ros-te/intro_ws2/install/turtlesim/share/turtlesim/cmake/export_turtlesim__rosidl_generator_pyExport.cmake
[109.353s] -- Installing: /mnt/c/projects/ros-te/ros-te/intro_ws2/install/turtlesim/share/turtlesim/cmake/export_turtlesim__rosidl_generator_pyExport-noconfig.cmake
[109.407s] Invoked command in '/mnt/c/projects/ros-te/ros-te/intro_ws2/build/turtlesim' returned '0': CMAKE_PREFIX_PATH=/opt/ros/humble /usr/bin/cmake --install /mnt/c/projects/ros-te/ros-te/intro_ws2/build/turtlesim
